# JRE version: Java(TM) SE Runtime Environment (20.0+36) (build 20+36-2344)
# Java VM: Java HotSpot(TM) 64-Bit Server VM (20+36-2344, mixed mode, emulated-client, sharing, tiered, compressed oops, compressed class ptrs, g1 gc, windows-amd64)
GC Precious Log:
 CardTable entry size: 512
 Card Set container configuration: InlinePtr #cards 4 size 8 Array Of Cards #cards 16 size 48 Howl #buckets 8 coarsen threshold 3686 Howl Bitmap #cards 512 size 80 coarsen threshold 460 Card regions per heap region 1 cards per card region 4096
 CPUs: 8 total, 8 available
 Memory: 16064M
 Large Page Support: Disabled
 NUMA Support: Disabled
 Compressed Oops: Enabled (Zero based)
 Heap Region Size: 2M
 Heap Min Capacity: 8M
 Heap Initial Capacity: 252M
 Heap Max Capacity: 4018M
 Pre-touch: Disabled
 Parallel Workers: 8
 Concurrent Workers: 2
 Concurrent Refinement Workers: 8
 Periodic GC: Disabled
Heap:
 garbage-first heap   total 116736K, used 61217K [0x0000000704e00000, 0x0000000800000000)
  region size 2048K, 17 young (34816K), 4 survivors (8192K)
 Metaspace       used 61414K, committed 62144K, reserved 1114112K
  class space    used 8459K, committed 8768K, reserved 1048576K
GC Heap History (20 events):
Event: 1.458 GC heap before
{Heap before GC invocations=5 (full 0):
 garbage-first heap   total 96256K, used 71206K [0x0000000704e00000, 0x0000000800000000)
  region size 2048K, 28 young (57344K), 3 survivors (6144K)
 Metaspace       used 20951K, committed 21312K, reserved 1114112K
  class space    used 2679K, committed 2816K, reserved 1048576K
}
Event: 1.463 GC heap after
{Heap after GC invocations=6 (full 0):
 garbage-first heap   total 96256K, used 21818K [0x0000000704e00000, 0x0000000800000000)
  region size 2048K, 3 young (6144K), 3 survivors (6144K)
 Metaspace       used 20951K, committed 21312K, reserved 1114112K
  class space    used 2679K, committed 2816K, reserved 1048576K
}
Event: 1.649 GC heap before
{Heap before GC invocations=6 (full 0):
 garbage-first heap   total 96256K, used 70970K [0x0000000704e00000, 0x0000000800000000)
  region size 2048K, 28 young (57344K), 3 survivors (6144K)
 Metaspace       used 25276K, committed 25664K, reserved 1114112K
  class space    used 3245K, committed 3456K, reserved 1048576K
}
Event: 1.653 GC heap after
{Heap after GC invocations=7 (full 0):
 garbage-first heap   total 96256K, used 23325K [0x0000000704e00000, 0x0000000800000000)
  region size 2048K, 3 young (6144K), 3 survivors (6144K)
 Metaspace       used 25276K, committed 25664K, reserved 1114112K
  class space    used 3245K, committed 3456K, reserved 1048576K
}
Event: 2.069 GC heap before
{Heap before GC invocations=7 (full 0):
 garbage-first heap   total 96256K, used 70429K [0x0000000704e00000, 0x0000000800000000)
  region size 2048K, 28 young (57344K), 3 survivors (6144K)
 Metaspace       used 27964K, committed 28288K, reserved 1114112K
  class space    used 3604K, committed 3776K, reserved 1048576K
}
Event: 2.073 GC heap after
{Heap after GC invocations=8 (full 0):
 garbage-first heap   total 116736K, used 25469K [0x0000000704e00000, 0x0000000800000000)
  region size 2048K, 3 young (6144K), 3 survivors (6144K)
 Metaspace       used 27964K, committed 28288K, reserved 1114112K
  class space    used 3604K, committed 3776K, reserved 1048576K
}
Event: 2.482 GC heap before
{Heap before GC invocations=9 (full 0):
 garbage-first heap   total 96256K, used 76669K [0x0000000704e00000, 0x0000000800000000)
  region size 2048K, 28 young (57344K), 3 survivors (6144K)
 Metaspace       used 31859K, committed 32384K, reserved 1114112K
  class space    used 4207K, committed 4416K, reserved 1048576K
}
Event: 2.486 GC heap after
{Heap after GC invocations=10 (full 0):
 garbage-first heap   total 96256K, used 27280K [0x0000000704e00000, 0x0000000800000000)
  region size 2048K, 3 young (6144K), 3 survivors (6144K)
 Metaspace       used 31859K, committed 32384K, reserved 1114112K
  class space    used 4207K, committed 4416K, reserved 1048576K
}
Event: 2.852 GC heap before
{Heap before GC invocations=10 (full 0):
 garbage-first heap   total 96256K, used 78480K [0x0000000704e00000, 0x0000000800000000)
  region size 2048K, 28 young (57344K), 3 survivors (6144K)
 Metaspace       used 35251K, committed 35840K, reserved 1114112K
  class space    used 4645K, committed 4928K, reserved 1048576K
}
Event: 2.857 GC heap after
{Heap after GC invocations=11 (full 0):
 garbage-first heap   total 96256K, used 30175K [0x0000000704e00000, 0x0000000800000000)
  region size 2048K, 4 young (8192K), 4 survivors (8192K)
 Metaspace       used 35251K, committed 35840K, reserved 1114112K
  class space    used 4645K, committed 4928K, reserved 1048576K
}
Event: 3.135 GC heap before
{Heap before GC invocations=11 (full 0):
 garbage-first heap   total 96256K, used 79327K [0x0000000704e00000, 0x0000000800000000)
  region size 2048K, 28 young (57344K), 4 survivors (8192K)
 Metaspace       used 39635K, committed 40192K, reserved 1114112K
  class space    used 5201K, committed 5440K, reserved 1048576K
}
Event: 3.140 GC heap after
{Heap after GC invocations=12 (full 0):
 garbage-first heap   total 96256K, used 32408K [0x0000000704e00000, 0x0000000800000000)
  region size 2048K, 3 young (6144K), 3 survivors (6144K)
 Metaspace       used 39635K, committed 40192K, reserved 1114112K
  class space    used 5201K, committed 5440K, reserved 1048576K
}
Event: 3.494 GC heap before
{Heap before GC invocations=12 (full 0):
 garbage-first heap   total 96256K, used 79512K [0x0000000704e00000, 0x0000000800000000)
  region size 2048K, 27 young (55296K), 3 survivors (6144K)
 Metaspace       used 44349K, committed 44928K, reserved 1114112K
  class space    used 5822K, committed 6080K, reserved 1048576K
}
Event: 3.498 GC heap after
{Heap after GC invocations=13 (full 0):
 garbage-first heap   total 116736K, used 34207K [0x0000000704e00000, 0x0000000800000000)
  region size 2048K, 2 young (4096K), 2 survivors (4096K)
 Metaspace       used 44349K, committed 44928K, reserved 1114112K
  class space    used 5822K, committed 6080K, reserved 1048576K
}
Event: 3.644 GC heap before
{Heap before GC invocations=13 (full 0):
 garbage-first heap   total 116736K, used 56735K [0x0000000704e00000, 0x0000000800000000)
  region size 2048K, 14 young (28672K), 2 survivors (4096K)
 Metaspace       used 46670K, committed 47296K, reserved 1114112K
  class space    used 6204K, committed 6528K, reserved 1048576K
}
Event: 3.646 GC heap after
{Heap after GC invocations=14 (full 0):
 garbage-first heap   total 116736K, used 34293K [0x0000000704e00000, 0x0000000800000000)
  region size 2048K, 2 young (4096K), 2 survivors (4096K)
 Metaspace       used 46670K, committed 47296K, reserved 1114112K
  class space    used 6204K, committed 6528K, reserved 1048576K
}
Event: 4.025 GC heap before
{Heap before GC invocations=15 (full 0):
 garbage-first heap   total 116736K, used 99829K [0x0000000704e00000, 0x0000000800000000)
  region size 2048K, 34 young (69632K), 2 survivors (4096K)
 Metaspace       used 52756K, committed 53440K, reserved 1114112K
  class space    used 7052K, committed 7360K, reserved 1048576K
}
Event: 4.028 GC heap after
{Heap after GC invocations=16 (full 0):
 garbage-first heap   total 116736K, used 35642K [0x0000000704e00000, 0x0000000800000000)
  region size 2048K, 3 young (6144K), 3 survivors (6144K)
 Metaspace       used 52756K, committed 53440K, reserved 1114112K
  class space    used 7052K, committed 7360K, reserved 1048576K
}
Event: 4.454 GC heap before
{Heap before GC invocations=16 (full 0):
 garbage-first heap   total 116736K, used 99130K [0x0000000704e00000, 0x0000000800000000)
  region size 2048K, 34 young (69632K), 3 survivors (6144K)
 Metaspace       used 59695K, committed 60416K, reserved 1114112K
  class space    used 8183K, committed 8512K, reserved 1048576K
}
Event: 4.459 GC heap after
{Heap after GC invocations=17 (full 0):
 garbage-first heap   total 116736K, used 36641K [0x0000000704e00000, 0x0000000800000000)
  region size 2048K, 4 young (8192K), 4 survivors (8192K)
 Metaspace       used 59695K, committed 60416K, reserved 1114112K
  class space    used 8183K, committed 8512K, reserved 1048576K
}

